#-----------------------------------------------------------
# Vivado v2019.2 (64-bit)
# SW Build 2708876 on Wed Nov  6 21:40:23 MST 2019
# IP Build 2700528 on Thu Nov  7 00:09:20 MST 2019
# Start of session at: Thu Mar 27 15:05:47 2025
# Process ID: 10304
# Current directory: C:/Users/iic1062/Downloads/ProyectoBaseAc2/ProyectoBaseAc2
# Command line: vivado.exe -gui_launcher_event rodinguilauncherevent6684 C:\Users\iic1062\Downloads\ProyectoBaseAc2\ProyectoBaseAc2\Proyecto Base.xpr
# Log file: C:/Users/iic1062/Downloads/ProyectoBaseAc2/ProyectoBaseAc2/vivado.log
# Journal file: C:/Users/iic1062/Downloads/ProyectoBaseAc2/ProyectoBaseAc2\vivado.jou
#-----------------------------------------------------------
start_gui
open_project {C:/Users/iic1062/Downloads/ProyectoBaseAc2/ProyectoBaseAc2/Proyecto Base.xpr}
INFO: [Project 1-313] Project file moved from 'C:/Users/fvale/Desktop/ProyectoBaseCapsula2/ProyectoBaseCapsula2' since last save.
Scanning sources...
Finished scanning sources
WARNING: [filemgmt 56-2] IPUserFilesDir: Could not find the directory 'C:/Users/iic1062/Downloads/ProyectoBaseAc2/Recuperativo/Proyecto Base/Proyecto Base.ip_user_files', nor could it be found using path 'C:/Users/fvale/Desktop/ProyectoBaseCapsula2/Recuperativo/Proyecto Base/Proyecto Base.ip_user_files'.
INFO: [IP_Flow 19-234] Refreshing IP repositories
INFO: [IP_Flow 19-1704] No user IP repositories specified
INFO: [IP_Flow 19-2313] Loaded Vivado IP repository 'C:/Xilinx/Vivado/2019.2/data/ip'.
update_compile_order -fileset sources_1
add_files {C:/Users/iic1062/Downloads/ProyectoBaseAc2/Componentes/FA.vhd C:/Users/iic1062/Downloads/ProyectoBaseAc2/Componentes/Adder8.vhd C:/Users/iic1062/Downloads/ProyectoBaseAc2/Componentes/Reg.vhd C:/Users/iic1062/Downloads/ProyectoBaseAc2/Componentes/HA.vhd}
WARNING: [filemgmt 56-12] File 'C:/Users/iic1062/Downloads/ProyectoBaseAc2/Componentes/FA.vhd' cannot be added to the project because it already exists in the project, skipping this file
WARNING: [filemgmt 56-12] File 'C:/Users/iic1062/Downloads/ProyectoBaseAc2/Componentes/Adder8.vhd' cannot be added to the project because it already exists in the project, skipping this file
WARNING: [filemgmt 56-12] File 'C:/Users/iic1062/Downloads/ProyectoBaseAc2/Componentes/Reg.vhd' cannot be added to the project because it already exists in the project, skipping this file
WARNING: [filemgmt 56-12] File 'C:/Users/iic1062/Downloads/ProyectoBaseAc2/Componentes/HA.vhd' cannot be added to the project because it already exists in the project, skipping this file
exit
INFO: [Common 17-206] Exiting Vivado at Thu Mar 27 15:07:35 2025...
